{"/home/nitrous/code/public_html/CO_Grants/src/common/js/get_color.js":{"path":"/home/nitrous/code/public_html/CO_Grants/src/common/js/get_color.js","s":{"1":1,"2":3,"3":1,"4":2,"5":0,"6":2,"7":0,"8":2,"9":0,"10":2,"11":1,"12":1},"b":{"1":[1,2],"2":[3,2,2],"3":[0,2],"4":[2,2],"5":[0,2],"6":[2,2,2],"7":[0,2],"8":[2,2,2],"9":[1,1]},"f":{"1":3},"fnMap":{"1":{"name":"getcolor","line":1,"loc":{"start":{"line":1,"column":17},"end":{"line":1,"column":44}}}},"statementMap":{"1":{"start":{"line":1,"column":0},"end":{"line":22,"column":1}},"2":{"start":{"line":5,"column":4},"end":{"line":7,"column":5}},"3":{"start":{"line":6,"column":8},"end":{"line":6,"column":23}},"4":{"start":{"line":8,"column":4},"end":{"line":10,"column":5}},"5":{"start":{"line":9,"column":8},"end":{"line":9,"column":22}},"6":{"start":{"line":11,"column":4},"end":{"line":13,"column":5}},"7":{"start":{"line":12,"column":8},"end":{"line":12,"column":21}},"8":{"start":{"line":14,"column":4},"end":{"line":16,"column":5}},"9":{"start":{"line":15,"column":8},"end":{"line":15,"column":24}},"10":{"start":{"line":17,"column":4},"end":{"line":19,"column":5}},"11":{"start":{"line":18,"column":8},"end":{"line":18,"column":22}},"12":{"start":{"line":20,"column":4},"end":{"line":20,"column":19}}},"branchMap":{"1":{"line":5,"type":"if","locations":[{"start":{"line":5,"column":4},"end":{"line":5,"column":4}},{"start":{"line":5,"column":4},"end":{"line":5,"column":4}}]},"2":{"line":5,"type":"binary-expr","locations":[{"start":{"line":5,"column":8},"end":{"line":5,"column":25}},{"start":{"line":5,"column":29},"end":{"line":5,"column":46}},{"start":{"line":5,"column":50},"end":{"line":5,"column":72}}]},"3":{"line":8,"type":"if","locations":[{"start":{"line":8,"column":4},"end":{"line":8,"column":4}},{"start":{"line":8,"column":4},"end":{"line":8,"column":4}}]},"4":{"line":8,"type":"binary-expr","locations":[{"start":{"line":8,"column":8},"end":{"line":8,"column":26}},{"start":{"line":8,"column":30},"end":{"line":8,"column":48}}]},"5":{"line":11,"type":"if","locations":[{"start":{"line":11,"column":4},"end":{"line":11,"column":4}},{"start":{"line":11,"column":4},"end":{"line":11,"column":4}}]},"6":{"line":11,"type":"binary-expr","locations":[{"start":{"line":11,"column":8},"end":{"line":11,"column":26}},{"start":{"line":11,"column":30},"end":{"line":11,"column":48}},{"start":{"line":11,"column":52},"end":{"line":11,"column":70}}]},"7":{"line":14,"type":"if","locations":[{"start":{"line":14,"column":4},"end":{"line":14,"column":4}},{"start":{"line":14,"column":4},"end":{"line":14,"column":4}}]},"8":{"line":14,"type":"binary-expr","locations":[{"start":{"line":14,"column":8},"end":{"line":14,"column":25}},{"start":{"line":14,"column":29},"end":{"line":14,"column":46}},{"start":{"line":14,"column":50},"end":{"line":14,"column":67}}]},"9":{"line":17,"type":"if","locations":[{"start":{"line":17,"column":4},"end":{"line":17,"column":4}},{"start":{"line":17,"column":4},"end":{"line":17,"column":4}}]}}}}