TN:
SF:/home/nitrous/code/public_html/CO_Grants/src/common/js/get_color.js
FN:1,getcolor
FNF:1
FNH:1
FNDA:3,getcolor
DA:1,1
DA:5,3
DA:6,1
DA:8,2
DA:9,0
DA:11,2
DA:12,0
DA:14,2
DA:15,0
DA:17,2
DA:18,1
DA:20,1
LF:12
LH:9
BRDA:5,1,0,1
BRDA:5,1,1,2
BRDA:5,2,0,3
BRDA:5,2,1,2
BRDA:5,2,2,2
BRDA:8,3,0,0
BRDA:8,3,1,2
BRDA:8,4,0,2
BRDA:8,4,1,2
BRDA:11,5,0,0
BRDA:11,5,1,2
BRDA:11,6,0,2
BRDA:11,6,1,2
BRDA:11,6,2,2
BRDA:14,7,0,0
BRDA:14,7,1,2
BRDA:14,8,0,2
BRDA:14,8,1,2
BRDA:14,8,2,2
BRDA:17,9,0,1
BRDA:17,9,1,1
BRF:21
BRH:18
end_of_record
