TN:
SF:/home/nitrous/code/public_html/CO_Grants/src/common/js/get_color.js
FN:1,getcolor
FNF:1
FNH:1
FNDA:4,getcolor
DA:1,1
DA:5,4
DA:6,1
DA:8,3
DA:9,0
DA:11,3
DA:12,0
DA:14,3
DA:15,0
DA:17,3
DA:18,1
DA:20,2
LF:12
LH:9
BRDA:5,1,0,1
BRDA:5,1,1,3
BRDA:5,2,0,4
BRDA:5,2,1,3
BRDA:5,2,2,3
BRDA:8,3,0,0
BRDA:8,3,1,3
BRDA:8,4,0,3
BRDA:8,4,1,3
BRDA:11,5,0,0
BRDA:11,5,1,3
BRDA:11,6,0,3
BRDA:11,6,1,3
BRDA:11,6,2,3
BRDA:14,7,0,0
BRDA:14,7,1,3
BRDA:14,8,0,3
BRDA:14,8,1,3
BRDA:14,8,2,3
BRDA:17,9,0,1
BRDA:17,9,1,2
BRF:21
BRH:18
end_of_record
